[debug] [2021-10-23T05:06:42.075Z] ----------------------------------------------------------------------
[debug] [2021-10-23T05:06:42.079Z] Command:       C:\Program Files\nodejs\node.exe C:\Users\Hamza\AppData\Roaming\npm\node_modules\firebase-tools\lib\bin\firebase.js deploy --debug
[debug] [2021-10-23T05:06:42.079Z] CLI Version:   9.21.0
[debug] [2021-10-23T05:06:42.079Z] Platform:      win32
[debug] [2021-10-23T05:06:42.080Z] Node Version:  v14.17.1
[debug] [2021-10-23T05:06:42.080Z] Time:          Sat Oct 23 2021 01:06:42 GMT-0400 (Eastern Daylight Time)
[debug] [2021-10-23T05:06:42.081Z] ----------------------------------------------------------------------
[debug] 
[debug] [2021-10-23T05:06:42.201Z] > command requires scopes: ["email","openid","https://www.googleapis.com/auth/cloudplatformprojects.readonly","https://www.googleapis.com/auth/firebase","https://www.googleapis.com/auth/cloud-platform"]
[debug] [2021-10-23T05:06:42.203Z] > authorizing via signed-in user (hamza101muf@gmail.com)
[debug] [2021-10-23T05:06:42.205Z] [iam] checking project j2j-react-app for permissions ["firebase.projects.get","firebasehosting.sites.update"]
[debug] [2021-10-23T05:06:42.210Z] >>> HTTP REQUEST POST https://cloudresourcemanager.googleapis.com/v1/projects/j2j-react-app:testIamPermissions  
 {"permissions":["firebase.projects.get","firebasehosting.sites.update"]}
[debug] [2021-10-23T05:06:42.453Z] <<< HTTP RESPONSE 200 {"content-type":"application/json; charset=UTF-8","vary":"X-Origin, Referer, Origin,Accept-Encoding","date":"Sat, 23 Oct 2021 05:06:42 GMT","server":"ESF","cache-control":"private","x-xss-protection":"0","x-frame-options":"SAMEORIGIN","x-content-type-options":"nosniff","server-timing":"gfet4t7; dur=127","alt-svc":"h3=\":443\"; ma=2592000,h3-29=\":443\"; ma=2592000,h3-Q050=\":443\"; ma=2592000,h3-Q046=\":443\"; ma=2592000,h3-Q043=\":443\"; ma=2592000","accept-ranges":"none","transfer-encoding":"chunked"}
[debug] [2021-10-23T05:06:42.459Z] > refreshing access token with scopes: []
[debug] [2021-10-23T05:06:42.460Z] >>> HTTP REQUEST POST https://www.googleapis.com/oauth2/v3/token  
 <request body omitted>
[debug] [2021-10-23T05:06:42.563Z] <<< HTTP RESPONSE 200 {"pragma":"no-cache","date":"Sat, 23 Oct 2021 05:06:42 GMT","expires":"Mon, 01 Jan 1990 00:00:00 GMT","cache-control":"no-cache, no-store, max-age=0, must-revalidate","content-type":"application/json; charset=utf-8","vary":"X-Origin, Referer, Origin,Accept-Encoding","server":"scaffolding on HTTPServer2","x-xss-protection":"0","x-frame-options":"SAMEORIGIN","x-content-type-options":"nosniff","alt-svc":"h3=\":443\"; ma=2592000,h3-29=\":443\"; ma=2592000,h3-Q050=\":443\"; ma=2592000,h3-Q046=\":443\"; ma=2592000,h3-Q043=\":443\"; ma=2592000","accept-ranges":"none","transfer-encoding":"chunked"}
[debug] [2021-10-23T05:06:42.581Z] >>> [apiv2][query] GET https://firebase.googleapis.com/v1beta1/projects/j2j-react-app [none]
[debug] [2021-10-23T05:06:42.830Z] <<< [apiv2][status] GET https://firebase.googleapis.com/v1beta1/projects/j2j-react-app 200
[debug] [2021-10-23T05:06:42.831Z] <<< [apiv2][body] GET https://firebase.googleapis.com/v1beta1/projects/j2j-react-app {"projectId":"j2j-react-app","projectNumber":"286844199504","displayName":"j2j-react-app","name":"projects/j2j-react-app","resources":{"hostingSite":"j2j-react-app"},"state":"ACTIVE"}
[info] 
[info] === Deploying to 'j2j-react-app'...
[info] 
[info] i  deploying hosting 
[debug] [2021-10-23T05:06:42.852Z] > refreshing access token with scopes: ["email","https://www.googleapis.com/auth/cloud-platform","https://www.googleapis.com/auth/cloudplatformprojects.readonly","https://www.googleapis.com/auth/firebase","openid"]
[debug] [2021-10-23T05:06:42.853Z] >>> HTTP REQUEST POST https://www.googleapis.com/oauth2/v3/token  
 <request body omitted>
[debug] [2021-10-23T05:06:42.967Z] <<< HTTP RESPONSE 200 {"cache-control":"no-cache, no-store, max-age=0, must-revalidate","pragma":"no-cache","expires":"Mon, 01 Jan 1990 00:00:00 GMT","date":"Sat, 23 Oct 2021 05:06:42 GMT","content-type":"application/json; charset=utf-8","vary":"X-Origin, Referer, Origin,Accept-Encoding","server":"scaffolding on HTTPServer2","x-xss-protection":"0","x-frame-options":"SAMEORIGIN","x-content-type-options":"nosniff","alt-svc":"h3=\":443\"; ma=2592000,h3-29=\":443\"; ma=2592000,h3-Q050=\":443\"; ma=2592000,h3-Q046=\":443\"; ma=2592000,h3-Q043=\":443\"; ma=2592000","accept-ranges":"none","transfer-encoding":"chunked"}
[debug] [2021-10-23T05:06:42.990Z] >>> HTTP REQUEST POST https://firebasehosting.googleapis.com/v1beta1/sites/j2j-react-app/versions  
 {"config":{"rewrites":[{"glob":"**","path":"/index.html"}],"headers":[{"glob":"/service-worker.js","headers":{"Cache-Control":"no-cache"}}]},"labels":{"deployment-tool":"cli-firebase"}}
[debug] [2021-10-23T05:06:43.678Z] <<< HTTP RESPONSE 200 {"content-type":"application/json; charset=UTF-8","vary":"X-Origin, Referer, Origin,Accept-Encoding","date":"Sat, 23 Oct 2021 05:06:43 GMT","server":"ESF","cache-control":"private","x-xss-protection":"0","x-frame-options":"SAMEORIGIN","x-content-type-options":"nosniff","alt-svc":"h3=\":443\"; ma=2592000,h3-29=\":443\"; ma=2592000,h3-Q050=\":443\"; ma=2592000,h3-Q046=\":443\"; ma=2592000,h3-Q043=\":443\"; ma=2592000","accept-ranges":"none","transfer-encoding":"chunked"}
[info] i  hosting[j2j-react-app]: beginning deploy... 
[info] i  hosting[j2j-react-app]: found 54 files in build 
[debug] [2021-10-23T05:06:43.778Z] > refreshing access token with scopes: []
[debug] [2021-10-23T05:06:43.779Z] >>> HTTP REQUEST POST https://www.googleapis.com/oauth2/v3/token  
 <request body omitted>
[debug] [2021-10-23T05:06:43.788Z] [hosting] hash cache [YnVpbGQ] stored for 54 files
[debug] [2021-10-23T05:06:43.789Z] [hosting][hash queue][FINAL] {"max":14,"min":1,"avg":1.0184769085205303,"active":0,"complete":54,"success":54,"errored":0,"retried":0,"total":54,"elapsed":29}
[debug] [2021-10-23T05:06:43.887Z] <<< HTTP RESPONSE 200 {"pragma":"no-cache","cache-control":"no-cache, no-store, max-age=0, must-revalidate","expires":"Mon, 01 Jan 1990 00:00:00 GMT","date":"Sat, 23 Oct 2021 05:06:43 GMT","content-type":"application/json; charset=utf-8","vary":"X-Origin, Referer, Origin,Accept-Encoding","server":"scaffolding on HTTPServer2","x-xss-protection":"0","x-frame-options":"SAMEORIGIN","x-content-type-options":"nosniff","alt-svc":"h3=\":443\"; ma=2592000,h3-29=\":443\"; ma=2592000,h3-Q050=\":443\"; ma=2592000,h3-Q046=\":443\"; ma=2592000,h3-Q043=\":443\"; ma=2592000","accept-ranges":"none","transfer-encoding":"chunked"}
[debug] [2021-10-23T05:06:43.912Z] >>> [apiv2][query] POST https://firebasehosting.googleapis.com/v1beta1/sites/j2j-react-app/versions/8fbe22cc7df7d3ae:populateFiles [none]
[debug] [2021-10-23T05:06:43.915Z] >>> [apiv2][body] POST https://firebasehosting.googleapis.com/v1beta1/sites/j2j-react-app/versions/8fbe22cc7df7d3ae:populateFiles {"files":{"/asset-manifest.json":"2007c65ba24af803caf7255f14536eb15341e6ba0d7df1edf097bc935d17fe39","/CNAME":"15447e6a05cfacc75a98b137b586f9516ae8c1f8f7ed99302cfa2851582023f7","/favicon.ico":"fd220bb83e38fd97103aaa96ad17f59bbe3d6a431225f6c88eaf113c08c8858a","/favicon.svg":"b64d43de4f5b03da82c2c2fa6e2d864a50a2fcb8f18f1046421fe898caf4bbf1","/index.html":"174c2cb8ffab291c9532bcdbbbf687126d379e23d6a34e79bd35f5028e0c25ab","/logo128.png":"4b3e04162ca198f0a46f0404adbb32d8ee72f6219db51f1cb6f4cbefc86bc415","/logo512.png":"1f1e3831916c07b80facc5369b2d30d83d61b242a45ee6df04c198c5db9ccf7a","/manifest.json":"4cb9df986719f0d38741da192c18831d7b50c12f5a9bcb91bb69e4ac65cff6e4","/precache-manifest.3e0d32913d294740c01acc7e94b75642.js":"98ae32a0e4dbcd235732eb9c7da65cf25224fa80546ac6294f3b6870be3cb964","/robots.txt":"5fcd5c559ded0c02b3ed7840ca3ee77e95b798730af98d9f18bc627ac898071e","/service-worker.js":"a2d4d11cf28a8dfa66c47291d8da706409c0539cfb7aa76a560d199a0a8d0f95","/_redirects":"05bdf8be7d3270d9e0213e1010349186f7383be4b6a8cdba71a3b06012a0aecd","/static/css/2.a7ee6bbd.chunk.css":"f7f847e269696b765cfad1e22194ef1056b4bd6d01fb1f2892642809a241825d","/static/css/2.a7ee6bbd.chunk.css.map":"c87359c1b931462784d388ebc338b0e642039abb7753e9c74b68f5298f7a8afc","/static/css/main.69767fa6.chunk.css":"263825751b48ed2a75257a7be5632a7cc9ccaa01fd6b98d436383560d08d6ea6","/static/css/main.69767fa6.chunk.css.map":"fb090b3953aac102007be710ea839b7a0e7b7ad874eb962bcdb46d1aa846300d","/static/js/2.e4f52af3.chunk.js":"02d3bd3f4b7a0f52f8ca45eba9fe53096cda76b24ab23cdf3050b4fc734bb8e1","/static/js/2.e4f52af3.chunk.js.map":"cb53358a1118f45095cbf03c0236706dbb003df8e107c5a85e3014fd8dd40cc3","/static/js/main.d57fe91a.chunk.js":"3658c7b989bff7807e59eee8c38f0a7b92c11efa5ce587643b84a4741dd78242","/static/js/main.d57fe91a.chunk.js.map":"af5e5d11de480b0b78d6852fb8b806469f5a665b82c166e44d57f2ca11d51de5","/static/js/runtime~main.c258ce8f.js":"5bf2abcc31991bf83e04f58850c2d752458004f03e0b64dc69643939283bd78f","/static/js/runtime~main.c258ce8f.js.map":"ceb7e5593a419ba16b9d22c1f8f05206e720542ef5a98f57eb937b3998192c4c","/static/media/about-3.b31b7ffe.svg":"5876e89d13201f957920b2a131c043d261bb4d6ef0cbfa631f6d7739ce04e506","/static/media/bg.00507c34.png":"308888cc65503441591b2cd8045a99749e6854f9b550399893fbd73a57dca953","/static/media/bg.260d6e77.png":"18285958b76b5123503c5a3ee9bb22f0f980720d27a62023b865db164d12d9a1","/static/media/error-404.f134f50f.png":"ff725c78d5b204830c1c692781513f758249a5437f68dd059b5183e90321caf7","/static/media/Flaticon.40857786.woff2":"8d47a25ee10b76b4f7cd2a6073311c1eb0413dfbef176e13f10c2b0ede083b91","/static/media/Flaticon.4be0b1dd.eot":"35cd7f14e410379dfcdb48120111fabb163c4c7b3d2918ed3335365afe73ca77","/static/media/Flaticon.6e61a59c.svg":"cf6c58cbe048119f795036597396a6fa9802ba8743e709e2df99fc3c119c12ca","/static/media/Flaticon.c874e530.woff":"b0eb8cde176e8071bd79fd7d969228897c4c61fd6919eb73dcd28e0003f17223","/static/media/Flaticon.db9a5fdf.ttf":"07ed345f8a460bdf37906a2f520f1bf1c79d1ca806229ab245eeb45eec9ad32d","/static/media/fontawesome-webfont.1dc35d25.ttf":"437993c07e53e9563c66049a66029b394453fd53f564fc0fcd046c7589d086a9","/static/media/fontawesome-webfont.25a32416.eot":"b81dae676662e3eecd0cc8aea80f0e6c5195a34ebd94b246df104c03a1f4e728","/static/media/fontawesome-webfont.926ea872.svg":"f3bf89abc4993e99664850649a3bcd0c239d825b24d367f31a69bf2f032e9307","/static/media/fontawesome-webfont.c8ddf1e5.woff":"182d8b952a97b3caef474ea45a28424d57ea563e424fcf99fdc292af7e01385e","/static/media/fontawesome-webfont.e6cf7c6e.woff2":"fb0f866e6a2894f184769f4a1986eed441c44e92a5cb8daf6597613335f02869","/static/media/img-1.1953a68e.svg":"a3a45ba436ba9f9b37961590c41ca38769b8a2dae87913c64692fd79dbf5d88f","/static/media/img-1.4f238a43.png":"bb0ab021ddc720378efa9c13eceb906a49a361ba3836a37a7c6eed4fb4ad774c","/static/media/img-2.82443780.svg":"eecb9728fc9006c480f07e84d9f8a85808955135f6f5e05f0a4b9e45e529b2e9","/static/media/img-2.ff78fef3.png":"be51bbc16abce791e280673b90d972f0f677cbe13fa382c4b0e97c82834aaffb","/static/media/img-3.8db0a4e9.svg":"44b962f52dc48154664f530c48f47ff9c053150a0b7d2fc366dd411ed2d4e2d3","/static/media/img-4.15ddb6b1.png":"3ad633e455d7cf9dd43c01fcf5a8b3ce53d1b20b27f7ea8adf5cdf6c2c65815d","/static/media/img-5.11bcc761.png":"ce9eadb3ef20b86166ee1deea7835d88ab32dd81dd02f27d11481bf44966797a","/static/media/img-6.ebcb0827.png":"775d5d845089f875f48d32f727ec2979110d478dba4a897aa68ee5c4dda3a88d","/static/media/logo.0304aec7.svg":"5334723817650ccb86595a0ae27e9e0145d5a087146195d8ea70cee2d85a56f4","/static/media/Now-Bold.65e782dd.ttf":"f8f78cf4a971978b8127ade22f62f0f8a4eb0852364474cfae63cbc9431420bc","/static/media/now-light.9507a037.otf":"7dcf0c1f855905754cda32f2448034b18dc7eb2c56822cb42500708c9eddd4b4","/static/media/now-medium.a52f5455.otf":"7cb5668237802c56697c4413ae04d40f0037c0d4df4fbd1addd35922567e25fe","/static/media/now-regular.43bf8f54.otf":"e1ebe9a5c93a4c637ea01604cf6eed280acde45a77bd2bed7954afdbb01b0933","/static/media/now-thin.894eaf68.otf":"8722a5b4aca05bf1b191227efc11b23f210314e598c541dc93c5c0e97d2456d4","/static/media/themify.2c454669.eot":"e407ea3c0cb27bf8e88c3c719efad8ef6390c21351461a14d07bb634863522c8","/static/media/themify.a1ecc3b8.woff":"6247c23135cba45993ffbb6e93e22e3a86df039954e7db25f02e88d07e76bd5b","/static/media/themify.b92896b3.svg":"c145d6790e5e82c82c4013cd0d6d3e28d87c17e909d59a40c9bbdff903d4e1bd","/static/media/themify.e23a7dca.ttf":"33cc7b5c701f73cfbfba96a901a1b8c3751db79c1bbafbf08cb6cfd0bdd03c6b"}}
[debug] [2021-10-23T05:06:44.569Z] <<< [apiv2][status] POST https://firebasehosting.googleapis.com/v1beta1/sites/j2j-react-app/versions/8fbe22cc7df7d3ae:populateFiles 200
[debug] [2021-10-23T05:06:44.571Z] <<< [apiv2][body] POST https://firebasehosting.googleapis.com/v1beta1/sites/j2j-react-app/versions/8fbe22cc7df7d3ae:populateFiles {"uploadUrl":"https://upload-firebasehosting.googleapis.com/upload/sites/j2j-react-app/versions/8fbe22cc7df7d3ae/files"}
[debug] [2021-10-23T05:06:44.576Z] [hosting][populate queue][FINAL] {"max":798,"min":798,"avg":798,"active":0,"complete":1,"success":1,"errored":0,"retried":0,"total":1,"elapsed":799}
[debug] [2021-10-23T05:06:44.579Z] [hosting] uploads queued: 0
[debug] [2021-10-23T05:06:44.583Z] [hosting][upload queue][FINAL] {"max":0,"min":9999999999,"avg":0,"active":0,"complete":0,"success":0,"errored":0,"retried":0,"total":0,"elapsed":1634965604583}
[info] +  hosting[j2j-react-app]: file upload complete 
[debug] [2021-10-23T05:06:44.591Z] [hosting] deploy completed after 906ms
[debug] [2021-10-23T05:06:44.595Z] [
  {
    "config": {
      "public": "build",
      "ignore": [
        "firebase.json",
        "**/.*",
        "**/node_modules/**"
      ],
      "rewrites": [
        {
          "source": "**",
          "destination": "/index.html"
        }
      ],
      "headers": [
        {
          "source": "/service-worker.js",
          "headers": [
            {
              "key": "Cache-Control",
              "value": "no-cache"
            }
          ]
        }
      ],
      "site": "j2j-react-app"
    },
    "site": "j2j-react-app",
    "version": "sites/j2j-react-app/versions/8fbe22cc7df7d3ae"
  }
]
[info] i  hosting[j2j-react-app]: finalizing version... 
[debug] [2021-10-23T05:06:44.611Z] > refreshing access token with scopes: ["email","https://www.googleapis.com/auth/cloud-platform","https://www.googleapis.com/auth/cloudplatformprojects.readonly","https://www.googleapis.com/auth/firebase","openid"]
[debug] [2021-10-23T05:06:44.613Z] >>> HTTP REQUEST POST https://www.googleapis.com/oauth2/v3/token  
 <request body omitted>
[debug] [2021-10-23T05:06:44.716Z] <<< HTTP RESPONSE 200 {"expires":"Mon, 01 Jan 1990 00:00:00 GMT","pragma":"no-cache","date":"Sat, 23 Oct 2021 05:06:44 GMT","cache-control":"no-cache, no-store, max-age=0, must-revalidate","content-type":"application/json; charset=utf-8","vary":"X-Origin, Referer, Origin,Accept-Encoding","server":"scaffolding on HTTPServer2","x-xss-protection":"0","x-frame-options":"SAMEORIGIN","x-content-type-options":"nosniff","alt-svc":"h3=\":443\"; ma=2592000,h3-29=\":443\"; ma=2592000,h3-Q050=\":443\"; ma=2592000,h3-Q046=\":443\"; ma=2592000,h3-Q043=\":443\"; ma=2592000","accept-ranges":"none","transfer-encoding":"chunked"}
[debug] [2021-10-23T05:06:44.742Z] >>> HTTP REQUEST PATCH https://firebasehosting.googleapis.com/v1beta1/sites/j2j-react-app/versions/8fbe22cc7df7d3ae?updateMask=status  
 {"status":"FINALIZED"}
[debug] [2021-10-23T05:06:45.255Z] <<< HTTP RESPONSE 200 {"content-type":"application/json; charset=UTF-8","vary":"X-Origin, Referer, Origin,Accept-Encoding","date":"Sat, 23 Oct 2021 05:06:45 GMT","server":"ESF","cache-control":"private","x-xss-protection":"0","x-frame-options":"SAMEORIGIN","x-content-type-options":"nosniff","alt-svc":"h3=\":443\"; ma=2592000,h3-29=\":443\"; ma=2592000,h3-Q050=\":443\"; ma=2592000,h3-Q046=\":443\"; ma=2592000,h3-Q043=\":443\"; ma=2592000","accept-ranges":"none","transfer-encoding":"chunked"}
[debug] [2021-10-23T05:06:45.257Z] [hosting] finalized version for j2j-react-app: {"name":"sites/j2j-react-app/versions/8fbe22cc7df7d3ae","status":"FINALIZED","config":{"headers":[{"headers":{"Cache-Control":"no-cache"},"glob":"/service-worker.js"}],"rewrites":[{"glob":"**","path":"/index.html"}]},"labels":{"deployment-tool":"cli-firebase"},"createTime":"2021-10-23T05:06:43.310935Z","createUser":{"email":"hamza101muf@gmail.com"},"finalizeTime":"2021-10-23T05:06:45.248226Z","finalizeUser":{"email":"hamza101muf@gmail.com"}}
[info] +  hosting[j2j-react-app]: version finalized 
[info] i  hosting[j2j-react-app]: releasing new version... 
[debug] [2021-10-23T05:06:45.268Z] >>> HTTP REQUEST POST https://firebasehosting.googleapis.com/v1beta1/sites/j2j-react-app/releases?version_name=sites/j2j-react-app/versions/8fbe22cc7df7d3ae  
 {"message":null}
[debug] [2021-10-23T05:06:45.747Z] <<< HTTP RESPONSE 200 {"content-type":"application/json; charset=UTF-8","vary":"X-Origin, Referer, Origin,Accept-Encoding","date":"Sat, 23 Oct 2021 05:06:45 GMT","server":"ESF","cache-control":"private","x-xss-protection":"0","x-frame-options":"SAMEORIGIN","x-content-type-options":"nosniff","alt-svc":"h3=\":443\"; ma=2592000,h3-29=\":443\"; ma=2592000,h3-Q050=\":443\"; ma=2592000,h3-Q046=\":443\"; ma=2592000,h3-Q043=\":443\"; ma=2592000","accept-ranges":"none","transfer-encoding":"chunked"}
