[debug] [2021-10-23T02:29:57.749Z] ----------------------------------------------------------------------
[debug] [2021-10-23T02:29:57.751Z] Command:       C:\Program Files\nodejs\node.exe C:\Users\Hamza\AppData\Roaming\npm\node_modules\firebase-tools\lib\bin\firebase.js serve
[debug] [2021-10-23T02:29:57.751Z] CLI Version:   9.21.0
[debug] [2021-10-23T02:29:57.751Z] Platform:      win32
[debug] [2021-10-23T02:29:57.751Z] Node Version:  v14.17.1
[debug] [2021-10-23T02:29:57.751Z] Time:          Fri Oct 22 2021 22:29:57 GMT-0400 (Eastern Daylight Time)
[debug] [2021-10-23T02:29:57.751Z] ----------------------------------------------------------------------
[debug] 
[debug] [2021-10-23T02:29:57.796Z] > command requires scopes: ["email","openid","https://www.googleapis.com/auth/cloudplatformprojects.readonly","https://www.googleapis.com/auth/firebase","https://www.googleapis.com/auth/cloud-platform"]
[debug] [2021-10-23T02:29:57.796Z] > authorizing via signed-in user (hamza101muf@gmail.com)
[debug] [2021-10-23T02:29:57.796Z] [iam] checking project j2j-react-app for permissions ["firebase.projects.get"]
[debug] [2021-10-23T02:29:57.798Z] > refreshing access token with scopes: ["email","https://www.googleapis.com/auth/cloud-platform","https://www.googleapis.com/auth/cloudplatformprojects.readonly","https://www.googleapis.com/auth/firebase","openid"]
[debug] [2021-10-23T02:29:57.798Z] >>> HTTP REQUEST POST https://www.googleapis.com/oauth2/v3/token  
 <request body omitted>
[debug] [2021-10-23T02:29:57.925Z] <<< HTTP RESPONSE 200 {"cache-control":"no-cache, no-store, max-age=0, must-revalidate","pragma":"no-cache","date":"Sat, 23 Oct 2021 02:29:57 GMT","expires":"Mon, 01 Jan 1990 00:00:00 GMT","content-type":"application/json; charset=utf-8","vary":"X-Origin, Referer, Origin,Accept-Encoding","server":"scaffolding on HTTPServer2","x-xss-protection":"0","x-frame-options":"SAMEORIGIN","x-content-type-options":"nosniff","alt-svc":"h3=\":443\"; ma=2592000,h3-29=\":443\"; ma=2592000,h3-Q050=\":443\"; ma=2592000,h3-Q046=\":443\"; ma=2592000,h3-Q043=\":443\"; ma=2592000","accept-ranges":"none","transfer-encoding":"chunked"}
[debug] [2021-10-23T02:29:57.935Z] >>> HTTP REQUEST POST https://cloudresourcemanager.googleapis.com/v1/projects/j2j-react-app:testIamPermissions  
 {"permissions":["firebase.projects.get"]}
[debug] [2021-10-23T02:29:58.136Z] <<< HTTP RESPONSE 200 {"content-type":"application/json; charset=UTF-8","vary":"X-Origin, Referer, Origin,Accept-Encoding","date":"Sat, 23 Oct 2021 02:29:57 GMT","server":"ESF","cache-control":"private","x-xss-protection":"0","x-frame-options":"SAMEORIGIN","x-content-type-options":"nosniff","server-timing":"gfet4t7; dur=135","alt-svc":"h3=\":443\"; ma=2592000,h3-29=\":443\"; ma=2592000,h3-Q050=\":443\"; ma=2592000,h3-Q046=\":443\"; ma=2592000,h3-Q043=\":443\"; ma=2592000","accept-ranges":"none","transfer-encoding":"chunked"}
[debug] [2021-10-23T02:29:58.137Z] > refreshing access token with scopes: []
[debug] [2021-10-23T02:29:58.137Z] >>> HTTP REQUEST POST https://www.googleapis.com/oauth2/v3/token  
 <request body omitted>
[debug] [2021-10-23T02:29:58.232Z] <<< HTTP RESPONSE 200 {"cache-control":"no-cache, no-store, max-age=0, must-revalidate","date":"Sat, 23 Oct 2021 02:29:57 GMT","expires":"Mon, 01 Jan 1990 00:00:00 GMT","pragma":"no-cache","content-type":"application/json; charset=utf-8","vary":"X-Origin, Referer, Origin,Accept-Encoding","server":"scaffolding on HTTPServer2","x-xss-protection":"0","x-frame-options":"SAMEORIGIN","x-content-type-options":"nosniff","alt-svc":"h3=\":443\"; ma=2592000,h3-29=\":443\"; ma=2592000,h3-Q050=\":443\"; ma=2592000,h3-Q046=\":443\"; ma=2592000,h3-Q043=\":443\"; ma=2592000","accept-ranges":"none","transfer-encoding":"chunked"}
[debug] [2021-10-23T02:29:58.240Z] >>> [apiv2][query] GET https://firebase.googleapis.com/v1beta1/projects/j2j-react-app [none]
[debug] [2021-10-23T02:29:58.527Z] <<< [apiv2][status] GET https://firebase.googleapis.com/v1beta1/projects/j2j-react-app 200
[debug] [2021-10-23T02:29:58.528Z] <<< [apiv2][body] GET https://firebase.googleapis.com/v1beta1/projects/j2j-react-app {"projectId":"j2j-react-app","projectNumber":"286844199504","displayName":"j2j-react-app","name":"projects/j2j-react-app","resources":{"hostingSite":"j2j-react-app"},"state":"ACTIVE"}
[info] 
[info] === Serving from 'C:\Users\Hamza\Documents\J2J\journey-jannah.github.io'...
[info] 
[debug] [2021-10-23T02:29:58.534Z] >>> [apiv2][query] GET https://firebasehosting.googleapis.com/v1beta1/projects/j2j-react-app/sites 
[debug] [2021-10-23T02:29:58.752Z] <<< [apiv2][status] GET https://firebasehosting.googleapis.com/v1beta1/projects/j2j-react-app/sites 200
[debug] [2021-10-23T02:29:58.752Z] <<< [apiv2][body] GET https://firebasehosting.googleapis.com/v1beta1/projects/j2j-react-app/sites {"sites":[{"name":"projects/286844199504/sites/j2j-react-app","defaultUrl":"https://j2j-react-app.web.app","type":"DEFAULT_SITE"}]}
[debug] [2021-10-23T02:29:58.752Z] >>> [apiv2][query] GET https://firebase.googleapis.com/v1beta1/projects/j2j-react-app/webApps/-/config [none]
[debug] [2021-10-23T02:29:59.105Z] <<< [apiv2][status] GET https://firebase.googleapis.com/v1beta1/projects/j2j-react-app/webApps/-/config 200
[debug] [2021-10-23T02:29:59.106Z] <<< [apiv2][body] GET https://firebase.googleapis.com/v1beta1/projects/j2j-react-app/webApps/-/config {"projectId":"j2j-react-app","storageBucket":"j2j-react-app.appspot.com","apiKey":"AIzaSyCvFJj46DRFoffu8zhxmyx6QWnB2xDrLOE","authDomain":"j2j-react-app.firebaseapp.com","messagingSenderId":"286844199504"}
[info] i  hosting: Serving hosting files from: src/components/about {"metadata":{"emulator":{"name":"hosting"},"message":"Serving hosting files from: \u001b[1msrc/components/about\u001b[22m"}}
[info] +  hosting: Local server: http://localhost:5000 {"metadata":{"emulator":{"name":"hosting"},"message":"Local server: \u001b[4m\u001b[1mhttp://localhost:5000\u001b[22m\u001b[24m"}}
[info] i  hosting: 127.0.0.1 - - [23/Oct/2021:02:30:21 +0000] "GET /__/firebase/init.js?useEmulator=true HTTP/1.1" 200 - "http://localhost:5000/" "Mozilla/5.0 (Windows NT 10.0; Win64; x64) AppleWebKit/537.36 (KHTML, like Gecko) Chrome/95.0.4638.54 Safari/537.36" {"metadata":{"emulator":{"name":"hosting"},"message":"127.0.0.1 - - [23/Oct/2021:02:30:21 +0000] \"GET /__/firebase/init.js?useEmulator=true HTTP/1.1\" 200 - \"http://localhost:5000/\" \"Mozilla/5.0 (Windows NT 10.0; Win64; x64) AppleWebKit/537.36 (KHTML, like Gecko) Chrome/95.0.4638.54 Safari/537.36\""}}
